<?xml version="1.0" encoding="UTF-8"?>
<testng-results ignored="0" total="1" passed="0" failed="1" skipped="0">
  <reporter-output>
  </reporter-output>
  <suite started-at="2024-10-18T19:33:07 IST" name="Default suite" finished-at="2024-10-18T19:34:31 IST" duration-ms="84400">
    <groups>
    </groups>
    <test started-at="2024-10-18T19:33:07 IST" name="Default test" finished-at="2024-10-18T19:34:31 IST" duration-ms="84400">
      <class name="amazon.AmazonMobileAppTest">
        <test-method is-config="true" signature="ConfigureAppium()[pri:0, instance:amazon.AmazonMobileAppTest@4d1c00d0]" started-at="2024-10-18T19:33:07 IST" name="ConfigureAppium" finished-at="2024-10-18T19:34:12 IST" duration-ms="65265" status="PASS">
          <reporter-output>
          </reporter-output>
        </test-method> <!-- ConfigureAppium -->
        <test-method signature="amazonAppTest()[pri:0, instance:amazon.AmazonMobileAppTest@4d1c00d0]" started-at="2024-10-18T19:34:12 IST" name="amazonAppTest" finished-at="2024-10-18T19:34:28 IST" duration-ms="16076" status="FAIL">
          <exception class="org.openqa.selenium.NoSuchElementException">
            <message>
              <![CDATA[An element could not be located on the page using the given search parameters.
For documentation on this error, please visit: https://www.selenium.dev/documentation/webdriver/troubleshooting/errors#no-such-element-exception
Build info: version: '4.13.0', revision: 'ba948ece5b*'
System info: os.name: 'Windows 11', os.arch: 'amd64', os.version: '10.0', java.version: '21.0.1'
Driver info: io.appium.java_client.android.AndroidDriver
Command: [7a65e1a5-bc78-43e8-99d0-543beaa0eb2e, findElement {using=id, value=sign_in_button}]
Capabilities {appium:adbExecTimeout: 60000, appium:app: C:\Users\sumit\eclipse-work..., appium:appPackage: com.amazon.mShop.android.sh..., appium:automationName: UIAutomator2, appium:databaseEnabled: false, appium:desired: {adbExecTimeout: 60000, app: C:\Users\sumit\eclipse-work..., automationName: UIAutomator2, deviceName: SumitEmulator, platformName: ANDROID}, appium:deviceApiLevel: 31, appium:deviceManufacturer: Google, appium:deviceModel: sdk_gphone64_x86_64, appium:deviceName: emulator-5554, appium:deviceScreenDensity: 560, appium:deviceScreenSize: 1440x2880, appium:deviceUDID: emulator-5554, appium:javascriptEnabled: true, appium:locationContextEnabled: false, appium:networkConnectionEnabled: true, appium:pixelRatio: 3.5, appium:platformVersion: 12, appium:statBarHeight: 84, appium:takesScreenshot: true, appium:viewportRect: {height: 2628, left: 0, top: 84, width: 1440}, appium:warnings: {}, appium:webStorageEnabled: false, platformName: ANDROID}
Session ID: 7a65e1a5-bc78-43e8-99d0-543beaa0eb2e]]>
            </message>
            <full-stacktrace>
              <![CDATA[org.openqa.selenium.NoSuchElementException: An element could not be located on the page using the given search parameters.
For documentation on this error, please visit: https://www.selenium.dev/documentation/webdriver/troubleshooting/errors#no-such-element-exception
Build info: version: '4.13.0', revision: 'ba948ece5b*'
System info: os.name: 'Windows 11', os.arch: 'amd64', os.version: '10.0', java.version: '21.0.1'
Driver info: io.appium.java_client.android.AndroidDriver
Command: [7a65e1a5-bc78-43e8-99d0-543beaa0eb2e, findElement {using=id, value=sign_in_button}]
Capabilities {appium:adbExecTimeout: 60000, appium:app: C:\Users\sumit\eclipse-work..., appium:appPackage: com.amazon.mShop.android.sh..., appium:automationName: UIAutomator2, appium:databaseEnabled: false, appium:desired: {adbExecTimeout: 60000, app: C:\Users\sumit\eclipse-work..., automationName: UIAutomator2, deviceName: SumitEmulator, platformName: ANDROID}, appium:deviceApiLevel: 31, appium:deviceManufacturer: Google, appium:deviceModel: sdk_gphone64_x86_64, appium:deviceName: emulator-5554, appium:deviceScreenDensity: 560, appium:deviceScreenSize: 1440x2880, appium:deviceUDID: emulator-5554, appium:javascriptEnabled: true, appium:locationContextEnabled: false, appium:networkConnectionEnabled: true, appium:pixelRatio: 3.5, appium:platformVersion: 12, appium:statBarHeight: 84, appium:takesScreenshot: true, appium:viewportRect: {height: 2628, left: 0, top: 84, width: 1440}, appium:warnings: {}, appium:webStorageEnabled: false, platformName: ANDROID}
Session ID: 7a65e1a5-bc78-43e8-99d0-543beaa0eb2e
at java.base/jdk.internal.reflect.DirectConstructorHandleAccessor.newInstance(DirectConstructorHandleAccessor.java:62)
at java.base/java.lang.reflect.Constructor.newInstanceWithCaller(Constructor.java:502)
at java.base/java.lang.reflect.Constructor.newInstance(Constructor.java:486)
at org.openqa.selenium.remote.codec.w3c.W3CHttpResponseCodec.createException(W3CHttpResponseCodec.java:200)
at org.openqa.selenium.remote.codec.w3c.W3CHttpResponseCodec.decode(W3CHttpResponseCodec.java:133)
at org.openqa.selenium.remote.codec.w3c.W3CHttpResponseCodec.decode(W3CHttpResponseCodec.java:52)
at org.openqa.selenium.remote.HttpCommandExecutor.execute(HttpCommandExecutor.java:191)
at io.appium.java_client.remote.AppiumCommandExecutor.execute(AppiumCommandExecutor.java:250)
at org.openqa.selenium.remote.RemoteWebDriver.execute(RemoteWebDriver.java:602)
at org.openqa.selenium.remote.ElementLocation$ElementFinder$2.findElement(ElementLocation.java:165)
at org.openqa.selenium.remote.ElementLocation.findElement(ElementLocation.java:66)
at org.openqa.selenium.remote.RemoteWebDriver.findElement(RemoteWebDriver.java:359)
at org.openqa.selenium.remote.RemoteWebDriver.findElement(RemoteWebDriver.java:353)
at amazon.AmazonMobileAppTest.loginToAmazon(AmazonMobileAppTest.java:42)
at amazon.AmazonMobileAppTest.amazonAppTest(AmazonMobileAppTest.java:13)
at java.base/jdk.internal.reflect.DirectMethodHandleAccessor.invoke(DirectMethodHandleAccessor.java:103)
at java.base/java.lang.reflect.Method.invoke(Method.java:580)
at org.testng.internal.invokers.MethodInvocationHelper.invokeMethod(MethodInvocationHelper.java:141)
at org.testng.internal.invokers.TestInvoker.invokeMethod(TestInvoker.java:686)
at org.testng.internal.invokers.TestInvoker.invokeTestMethod(TestInvoker.java:230)
at org.testng.internal.invokers.MethodRunner.runInSequence(MethodRunner.java:63)
at org.testng.internal.invokers.TestInvoker$MethodInvocationAgent.invoke(TestInvoker.java:992)
at org.testng.internal.invokers.TestInvoker.invokeTestMethods(TestInvoker.java:203)
at org.testng.internal.invokers.TestMethodWorker.invokeTestMethods(TestMethodWorker.java:154)
at org.testng.internal.invokers.TestMethodWorker.run(TestMethodWorker.java:134)
at java.base/java.util.ArrayList.forEach(ArrayList.java:1596)
at org.testng.TestRunner.privateRun(TestRunner.java:739)
at org.testng.TestRunner.run(TestRunner.java:614)
at org.testng.SuiteRunner.runTest(SuiteRunner.java:421)
at org.testng.SuiteRunner.runSequentially(SuiteRunner.java:413)
at org.testng.SuiteRunner.privateRun(SuiteRunner.java:373)
at org.testng.SuiteRunner.run(SuiteRunner.java:312)
at org.testng.SuiteRunnerWorker.runSuite(SuiteRunnerWorker.java:52)
at org.testng.SuiteRunnerWorker.run(SuiteRunnerWorker.java:95)
at org.testng.TestNG.runSuitesSequentially(TestNG.java:1274)
at org.testng.TestNG.runSuitesLocally(TestNG.java:1208)
at org.testng.TestNG.runSuites(TestNG.java:1112)
at org.testng.TestNG.run(TestNG.java:1079)
at org.testng.remote.AbstractRemoteTestNG.run(AbstractRemoteTestNG.java:115)
at org.testng.remote.RemoteTestNG.initAndRun(RemoteTestNG.java:293)
at org.testng.remote.RemoteTestNG.main(RemoteTestNG.java:91)
]]>
            </full-stacktrace>
          </exception> <!-- org.openqa.selenium.NoSuchElementException -->
          <reporter-output>
          </reporter-output>
        </test-method> <!-- amazonAppTest -->
        <test-method is-config="true" signature="tearDown()[pri:0, instance:amazon.AmazonMobileAppTest@4d1c00d0]" started-at="2024-10-18T19:34:28 IST" name="tearDown" finished-at="2024-10-18T19:34:31 IST" duration-ms="2970" status="PASS">
          <reporter-output>
          </reporter-output>
        </test-method> <!-- tearDown -->
      </class> <!-- amazon.AmazonMobileAppTest -->
    </test> <!-- Default test -->
  </suite> <!-- Default suite -->
</testng-results>
